<?xml version="1.0" encoding="UTF-8"?>
<testng-results skipped="0" failed="2" total="8" passed="6">
  <reporter-output>
    <line>
      <![CDATA[<a herf='D:\Auto\OrangeHRM\src\main\java\ScreenshotFailure\AddingJobTitle_05_03_2020_08_02_57.png'> <img src ='D:\Auto\OrangeHRM\src\main\java\ScreenshotFailure\AddingJobTitle_05_03_2020_08_02_57.png' height='100' width='100'/> </a>]]>
    </line>
    <line>
      <![CDATA[<a herf='D:\Auto\OrangeHRM\src\main\java\ScreenshotFailure\AddingJobTitle_05_03_2020_08_03_15.png'> <img src ='D:\Auto\OrangeHRM\src\main\java\ScreenshotFailure\AddingJobTitle_05_03_2020_08_03_15.png' height='100' width='100'/> </a>]]>
    </line>
  </reporter-output>
  <suite name="Suite" duration-ms="92100" started-at="2020-03-05T14:32:20Z" finished-at="2020-03-05T14:33:52Z">
    <groups>
    </groups>
    <test name="Test" duration-ms="11528" started-at="2020-03-05T14:32:20Z" finished-at="2020-03-05T14:32:32Z">
      <class name="HRM.LoginLogout">
        <test-method status="PASS" signature="beforetest()[pri:0, instance:HRM.LoginLogout@2ed2d9cb]" name="beforetest" is-config="true" duration-ms="4522" started-at="2020-03-05T20:02:20Z" finished-at="2020-03-05T20:02:25Z">
          <reporter-output>
          </reporter-output>
        </test-method> <!-- beforetest -->
        <test-method status="PASS" signature="Login(java.lang.String, java.lang.String)[pri:0, instance:HRM.LoginLogout@2ed2d9cb]" name="Login" duration-ms="4479" started-at="2020-03-05T20:02:25Z" data-provider="getDate" finished-at="2020-03-05T20:02:29Z">
          <params>
            <param index="0">
              <value>
                <![CDATA[Adamin]]>
              </value>
            </param>
            <param index="1">
              <value>
                <![CDATA[Adamin]]>
              </value>
            </param>
          </params>
          <reporter-output>
          </reporter-output>
        </test-method> <!-- Login -->
        <test-method status="PASS" signature="Login(java.lang.String, java.lang.String)[pri:0, instance:HRM.LoginLogout@2ed2d9cb]" name="Login" duration-ms="2431" started-at="2020-03-05T20:02:29Z" data-provider="getDate" finished-at="2020-03-05T20:02:32Z">
          <params>
            <param index="0">
              <value>
                <![CDATA[Admin]]>
              </value>
            </param>
            <param index="1">
              <value>
                <![CDATA[admin123]]>
              </value>
            </param>
          </params>
          <reporter-output>
          </reporter-output>
        </test-method> <!-- Login -->
        <test-method status="PASS" signature="aftertest()[pri:0, instance:HRM.LoginLogout@2ed2d9cb]" name="aftertest" is-config="true" duration-ms="69" started-at="2020-03-05T20:02:32Z" finished-at="2020-03-05T20:02:32Z">
          <reporter-output>
          </reporter-output>
        </test-method> <!-- aftertest -->
      </class> <!-- HRM.LoginLogout -->
    </test> <!-- Test -->
    <test name="AddJobtile" duration-ms="44027" started-at="2020-03-05T14:32:32Z" finished-at="2020-03-05T14:33:16Z">
      <class name="HRM.AddJobTitle">
        <test-method status="PASS" signature="beforetest()[pri:0, instance:HRM.AddJobTitle@21282ed8]" name="beforetest" is-config="true" duration-ms="3507" started-at="2020-03-05T20:02:32Z" finished-at="2020-03-05T20:02:35Z">
          <reporter-output>
          </reporter-output>
        </test-method> <!-- beforetest -->
        <test-method status="FAIL" signature="AddingJobTitle(java.lang.String, java.lang.String)[pri:0, instance:HRM.AddJobTitle@21282ed8]" name="AddingJobTitle" duration-ms="21699" started-at="2020-03-05T20:02:35Z" data-provider="getdata" finished-at="2020-03-05T20:02:57Z">
          <params>
            <param index="0">
              <value>
                <![CDATA[Software Tester]]>
              </value>
            </param>
            <param index="1">
              <value>
                <![CDATA[Software Tester]]>
              </value>
            </param>
          </params>
          <exception class="org.openqa.selenium.NoSuchElementException">
            <message>
              <![CDATA[no such element: Unable to locate element: {"method":"link text","selector":"Software Tester"}
  (Session info: headless chrome=80.0.3987.122)
For documentation on this error, please visit: https://www.seleniumhq.org/exceptions/no_such_element.html
Build info: version: '3.141.59', revision: 'e82be7d358', time: '2018-11-14T08:17:03'
System info: host: 'LT136', ip: '10.10.180.199', os.name: 'Windows 10', os.arch: 'amd64', os.version: '10.0', java.version: '1.8.0_211'
Driver info: org.openqa.selenium.chrome.ChromeDriver
Capabilities {acceptInsecureCerts: false, browserName: chrome, browserVersion: 80.0.3987.122, chrome: {chromedriverVersion: 80.0.3987.106 (f68069574609..., userDataDir: C:\Users\SUSHAN~1.KAD\AppDa...}, goog:chromeOptions: {debuggerAddress: localhost:58573}, javascriptEnabled: true, networkConnectionEnabled: false, pageLoadStrategy: normal, platform: WINDOWS, platformName: WINDOWS, proxy: Proxy(), setWindowRect: true, strictFileInteractability: false, timeouts: {implicit: 0, pageLoad: 300000, script: 30000}, unhandledPromptBehavior: dismiss and notify}
Session ID: 33a168033742ddd5a6dfb7e9048637b1
*** Element info: {Using=link text, value=Software Tester}]]>
            </message>
            <full-stacktrace>
              <![CDATA[org.openqa.selenium.NoSuchElementException: no such element: Unable to locate element: {"method":"link text","selector":"Software Tester"}
  (Session info: headless chrome=80.0.3987.122)
For documentation on this error, please visit: https://www.seleniumhq.org/exceptions/no_such_element.html
Build info: version: '3.141.59', revision: 'e82be7d358', time: '2018-11-14T08:17:03'
System info: host: 'LT136', ip: '10.10.180.199', os.name: 'Windows 10', os.arch: 'amd64', os.version: '10.0', java.version: '1.8.0_211'
Driver info: org.openqa.selenium.chrome.ChromeDriver
Capabilities {acceptInsecureCerts: false, browserName: chrome, browserVersion: 80.0.3987.122, chrome: {chromedriverVersion: 80.0.3987.106 (f68069574609..., userDataDir: C:\Users\SUSHAN~1.KAD\AppDa...}, goog:chromeOptions: {debuggerAddress: localhost:58573}, javascriptEnabled: true, networkConnectionEnabled: false, pageLoadStrategy: normal, platform: WINDOWS, platformName: WINDOWS, proxy: Proxy(), setWindowRect: true, strictFileInteractability: false, timeouts: {implicit: 0, pageLoad: 300000, script: 30000}, unhandledPromptBehavior: dismiss and notify}
Session ID: 33a168033742ddd5a6dfb7e9048637b1
*** Element info: {Using=link text, value=Software Tester}
	at sun.reflect.NativeConstructorAccessorImpl.newInstance0(Native Method)
	at sun.reflect.NativeConstructorAccessorImpl.newInstance(NativeConstructorAccessorImpl.java:62)
	at sun.reflect.DelegatingConstructorAccessorImpl.newInstance(DelegatingConstructorAccessorImpl.java:45)
	at java.lang.reflect.Constructor.newInstance(Constructor.java:423)
	at org.openqa.selenium.remote.http.W3CHttpResponseCodec.createException(W3CHttpResponseCodec.java:187)
	at org.openqa.selenium.remote.http.W3CHttpResponseCodec.decode(W3CHttpResponseCodec.java:122)
	at org.openqa.selenium.remote.http.W3CHttpResponseCodec.decode(W3CHttpResponseCodec.java:49)
	at org.openqa.selenium.remote.HttpCommandExecutor.execute(HttpCommandExecutor.java:158)
	at org.openqa.selenium.remote.service.DriverCommandExecutor.execute(DriverCommandExecutor.java:83)
	at org.openqa.selenium.remote.RemoteWebDriver.execute(RemoteWebDriver.java:552)
	at org.openqa.selenium.remote.RemoteWebDriver.findElement(RemoteWebDriver.java:323)
	at org.openqa.selenium.remote.RemoteWebDriver.findElementByLinkText(RemoteWebDriver.java:380)
	at org.openqa.selenium.By$ByLinkText.findElement(By.java:220)
	at org.openqa.selenium.remote.RemoteWebDriver.findElement(RemoteWebDriver.java:315)
	at HRM.AddJobTitle.AddingJobTitle(AddJobTitle.java:59)
	at sun.reflect.NativeMethodAccessorImpl.invoke0(Native Method)
	at sun.reflect.NativeMethodAccessorImpl.invoke(NativeMethodAccessorImpl.java:62)
	at sun.reflect.DelegatingMethodAccessorImpl.invoke(DelegatingMethodAccessorImpl.java:43)
	at java.lang.reflect.Method.invoke(Method.java:498)
	at org.testng.internal.MethodInvocationHelper.invokeMethod(MethodInvocationHelper.java:80)
	at org.testng.internal.Invoker.invokeMethod(Invoker.java:714)
	at org.testng.internal.Invoker.invokeTestMethod(Invoker.java:901)
	at org.testng.internal.Invoker.invokeTestMethods(Invoker.java:1231)
	at org.testng.internal.TestMethodWorker.invokeTestMethods(TestMethodWorker.java:127)
	at org.testng.internal.TestMethodWorker.run(TestMethodWorker.java:111)
	at org.testng.TestRunner.privateRun(TestRunner.java:767)
	at org.testng.TestRunner.run(TestRunner.java:617)
	at org.testng.SuiteRunner.runTest(SuiteRunner.java:334)
	at org.testng.SuiteRunner.runSequentially(SuiteRunner.java:329)
	at org.testng.SuiteRunner.privateRun(SuiteRunner.java:291)
	at org.testng.SuiteRunner.run(SuiteRunner.java:240)
	at org.testng.SuiteRunnerWorker.runSuite(SuiteRunnerWorker.java:52)
	at org.testng.SuiteRunnerWorker.run(SuiteRunnerWorker.java:86)
	at org.testng.TestNG.runSuitesSequentially(TestNG.java:1198)
	at org.testng.TestNG.runSuitesLocally(TestNG.java:1123)
	at org.testng.TestNG.run(TestNG.java:1031)
	at org.apache.maven.surefire.testng.TestNGExecutor.run(TestNGExecutor.java:283)
	at org.apache.maven.surefire.testng.TestNGXmlTestSuite.execute(TestNGXmlTestSuite.java:75)
	at org.apache.maven.surefire.testng.TestNGProvider.invoke(TestNGProvider.java:120)
	at org.apache.maven.surefire.booter.ForkedBooter.runSuitesInProcess(ForkedBooter.java:377)
	at org.apache.maven.surefire.booter.ForkedBooter.execute(ForkedBooter.java:138)
	at org.apache.maven.surefire.booter.ForkedBooter.run(ForkedBooter.java:465)
	at org.apache.maven.surefire.booter.ForkedBooter.main(ForkedBooter.java:451)
]]>
            </full-stacktrace>
          </exception> <!-- org.openqa.selenium.NoSuchElementException -->
          <reporter-output>
            <line>
              <![CDATA[<a herf='D:\Auto\OrangeHRM\src\main\java\ScreenshotFailure\AddingJobTitle_05_03_2020_08_02_57.png'> <img src ='D:\Auto\OrangeHRM\src\main\java\ScreenshotFailure\AddingJobTitle_05_03_2020_08_02_57.png' height='100' width='100'/> </a>]]>
            </line>
          </reporter-output>
        </test-method> <!-- AddingJobTitle -->
        <test-method status="FAIL" signature="AddingJobTitle(java.lang.String, java.lang.String)[pri:0, instance:HRM.AddJobTitle@21282ed8]" name="AddingJobTitle" duration-ms="18055" started-at="2020-03-05T20:02:57Z" data-provider="getdata" finished-at="2020-03-05T20:03:15Z">
          <params>
            <param index="0">
              <value>
                <![CDATA[Software Developer]]>
              </value>
            </param>
            <param index="1">
              <value>
                <![CDATA[Software Developer]]>
              </value>
            </param>
          </params>
          <exception class="org.openqa.selenium.NoSuchElementException">
            <message>
              <![CDATA[no such element: Unable to locate element: {"method":"link text","selector":"Software Developer"}
  (Session info: headless chrome=80.0.3987.122)
For documentation on this error, please visit: https://www.seleniumhq.org/exceptions/no_such_element.html
Build info: version: '3.141.59', revision: 'e82be7d358', time: '2018-11-14T08:17:03'
System info: host: 'LT136', ip: '10.10.180.199', os.name: 'Windows 10', os.arch: 'amd64', os.version: '10.0', java.version: '1.8.0_211'
Driver info: org.openqa.selenium.chrome.ChromeDriver
Capabilities {acceptInsecureCerts: false, browserName: chrome, browserVersion: 80.0.3987.122, chrome: {chromedriverVersion: 80.0.3987.106 (f68069574609..., userDataDir: C:\Users\SUSHAN~1.KAD\AppDa...}, goog:chromeOptions: {debuggerAddress: localhost:58573}, javascriptEnabled: true, networkConnectionEnabled: false, pageLoadStrategy: normal, platform: WINDOWS, platformName: WINDOWS, proxy: Proxy(), setWindowRect: true, strictFileInteractability: false, timeouts: {implicit: 0, pageLoad: 300000, script: 30000}, unhandledPromptBehavior: dismiss and notify}
Session ID: 33a168033742ddd5a6dfb7e9048637b1
*** Element info: {Using=link text, value=Software Developer}]]>
            </message>
            <full-stacktrace>
              <![CDATA[org.openqa.selenium.NoSuchElementException: no such element: Unable to locate element: {"method":"link text","selector":"Software Developer"}
  (Session info: headless chrome=80.0.3987.122)
For documentation on this error, please visit: https://www.seleniumhq.org/exceptions/no_such_element.html
Build info: version: '3.141.59', revision: 'e82be7d358', time: '2018-11-14T08:17:03'
System info: host: 'LT136', ip: '10.10.180.199', os.name: 'Windows 10', os.arch: 'amd64', os.version: '10.0', java.version: '1.8.0_211'
Driver info: org.openqa.selenium.chrome.ChromeDriver
Capabilities {acceptInsecureCerts: false, browserName: chrome, browserVersion: 80.0.3987.122, chrome: {chromedriverVersion: 80.0.3987.106 (f68069574609..., userDataDir: C:\Users\SUSHAN~1.KAD\AppDa...}, goog:chromeOptions: {debuggerAddress: localhost:58573}, javascriptEnabled: true, networkConnectionEnabled: false, pageLoadStrategy: normal, platform: WINDOWS, platformName: WINDOWS, proxy: Proxy(), setWindowRect: true, strictFileInteractability: false, timeouts: {implicit: 0, pageLoad: 300000, script: 30000}, unhandledPromptBehavior: dismiss and notify}
Session ID: 33a168033742ddd5a6dfb7e9048637b1
*** Element info: {Using=link text, value=Software Developer}
	at sun.reflect.NativeConstructorAccessorImpl.newInstance0(Native Method)
	at sun.reflect.NativeConstructorAccessorImpl.newInstance(NativeConstructorAccessorImpl.java:62)
	at sun.reflect.DelegatingConstructorAccessorImpl.newInstance(DelegatingConstructorAccessorImpl.java:45)
	at java.lang.reflect.Constructor.newInstance(Constructor.java:423)
	at org.openqa.selenium.remote.http.W3CHttpResponseCodec.createException(W3CHttpResponseCodec.java:187)
	at org.openqa.selenium.remote.http.W3CHttpResponseCodec.decode(W3CHttpResponseCodec.java:122)
	at org.openqa.selenium.remote.http.W3CHttpResponseCodec.decode(W3CHttpResponseCodec.java:49)
	at org.openqa.selenium.remote.HttpCommandExecutor.execute(HttpCommandExecutor.java:158)
	at org.openqa.selenium.remote.service.DriverCommandExecutor.execute(DriverCommandExecutor.java:83)
	at org.openqa.selenium.remote.RemoteWebDriver.execute(RemoteWebDriver.java:552)
	at org.openqa.selenium.remote.RemoteWebDriver.findElement(RemoteWebDriver.java:323)
	at org.openqa.selenium.remote.RemoteWebDriver.findElementByLinkText(RemoteWebDriver.java:380)
	at org.openqa.selenium.By$ByLinkText.findElement(By.java:220)
	at org.openqa.selenium.remote.RemoteWebDriver.findElement(RemoteWebDriver.java:315)
	at HRM.AddJobTitle.AddingJobTitle(AddJobTitle.java:59)
	at sun.reflect.NativeMethodAccessorImpl.invoke0(Native Method)
	at sun.reflect.NativeMethodAccessorImpl.invoke(NativeMethodAccessorImpl.java:62)
	at sun.reflect.DelegatingMethodAccessorImpl.invoke(DelegatingMethodAccessorImpl.java:43)
	at java.lang.reflect.Method.invoke(Method.java:498)
	at org.testng.internal.MethodInvocationHelper.invokeMethod(MethodInvocationHelper.java:80)
	at org.testng.internal.Invoker.invokeMethod(Invoker.java:714)
	at org.testng.internal.Invoker.invokeTestMethod(Invoker.java:901)
	at org.testng.internal.Invoker.invokeTestMethods(Invoker.java:1231)
	at org.testng.internal.TestMethodWorker.invokeTestMethods(TestMethodWorker.java:127)
	at org.testng.internal.TestMethodWorker.run(TestMethodWorker.java:111)
	at org.testng.TestRunner.privateRun(TestRunner.java:767)
	at org.testng.TestRunner.run(TestRunner.java:617)
	at org.testng.SuiteRunner.runTest(SuiteRunner.java:334)
	at org.testng.SuiteRunner.runSequentially(SuiteRunner.java:329)
	at org.testng.SuiteRunner.privateRun(SuiteRunner.java:291)
	at org.testng.SuiteRunner.run(SuiteRunner.java:240)
	at org.testng.SuiteRunnerWorker.runSuite(SuiteRunnerWorker.java:52)
	at org.testng.SuiteRunnerWorker.run(SuiteRunnerWorker.java:86)
	at org.testng.TestNG.runSuitesSequentially(TestNG.java:1198)
	at org.testng.TestNG.runSuitesLocally(TestNG.java:1123)
	at org.testng.TestNG.run(TestNG.java:1031)
	at org.apache.maven.surefire.testng.TestNGExecutor.run(TestNGExecutor.java:283)
	at org.apache.maven.surefire.testng.TestNGXmlTestSuite.execute(TestNGXmlTestSuite.java:75)
	at org.apache.maven.surefire.testng.TestNGProvider.invoke(TestNGProvider.java:120)
	at org.apache.maven.surefire.booter.ForkedBooter.runSuitesInProcess(ForkedBooter.java:377)
	at org.apache.maven.surefire.booter.ForkedBooter.execute(ForkedBooter.java:138)
	at org.apache.maven.surefire.booter.ForkedBooter.run(ForkedBooter.java:465)
	at org.apache.maven.surefire.booter.ForkedBooter.main(ForkedBooter.java:451)
]]>
            </full-stacktrace>
          </exception> <!-- org.openqa.selenium.NoSuchElementException -->
          <reporter-output>
            <line>
              <![CDATA[<a herf='D:\Auto\OrangeHRM\src\main\java\ScreenshotFailure\AddingJobTitle_05_03_2020_08_03_15.png'> <img src ='D:\Auto\OrangeHRM\src\main\java\ScreenshotFailure\AddingJobTitle_05_03_2020_08_03_15.png' height='100' width='100'/> </a>]]>
            </line>
          </reporter-output>
        </test-method> <!-- AddingJobTitle -->
        <test-method status="PASS" signature="aftertest()[pri:0, instance:HRM.AddJobTitle@21282ed8]" name="aftertest" is-config="true" duration-ms="46" started-at="2020-03-05T20:03:16Z" finished-at="2020-03-05T20:03:16Z">
          <reporter-output>
          </reporter-output>
        </test-method> <!-- aftertest -->
      </class> <!-- HRM.AddJobTitle -->
    </test> <!-- AddJobtile -->
    <test name="AddUser" duration-ms="13867" started-at="2020-03-05T14:33:16Z" finished-at="2020-03-05T14:33:30Z">
      <class name="HRM.AddUser">
        <test-method status="PASS" signature="beforetest()[pri:0, instance:HRM.AddUser@12aba8be]" name="beforetest" is-config="true" duration-ms="6633" started-at="2020-03-05T20:03:16Z" finished-at="2020-03-05T20:03:22Z">
          <reporter-output>
          </reporter-output>
        </test-method> <!-- beforetest -->
        <test-method status="PASS" signature="creatnewuser()[pri:0, instance:HRM.AddUser@12aba8be]" name="creatnewuser" duration-ms="7193" started-at="2020-03-05T20:03:22Z" finished-at="2020-03-05T20:03:30Z">
          <reporter-output>
          </reporter-output>
        </test-method> <!-- creatnewuser -->
        <test-method status="PASS" signature="aftertest()[pri:0, instance:HRM.AddUser@12aba8be]" name="aftertest" is-config="true" duration-ms="40" started-at="2020-03-05T20:03:30Z" finished-at="2020-03-05T20:03:30Z">
          <reporter-output>
          </reporter-output>
        </test-method> <!-- aftertest -->
      </class> <!-- HRM.AddUser -->
    </test> <!-- AddUser -->
    <test name="SearchUser" duration-ms="22609" started-at="2020-03-05T14:33:30Z" finished-at="2020-03-05T14:33:52Z">
      <class name="HRM.SearchUser">
        <test-method status="PASS" signature="beforetest()[pri:0, instance:HRM.SearchUser@82de64a]" name="beforetest" is-config="true" duration-ms="3450" started-at="2020-03-05T20:03:30Z" finished-at="2020-03-05T20:03:33Z">
          <reporter-output>
          </reporter-output>
        </test-method> <!-- beforetest -->
        <test-method status="PASS" signature="SearchUsername(java.lang.String, java.lang.String)[pri:0, instance:HRM.SearchUser@82de64a]" name="SearchUsername" duration-ms="8800" started-at="2020-03-05T20:03:33Z" data-provider="getdata" finished-at="2020-03-05T20:03:42Z">
          <params>
            <param index="0">
              <value>
                <![CDATA[john.smith]]>
              </value>
            </param>
            <param index="1">
              <value>
                <![CDATA[John Smith]]>
              </value>
            </param>
          </params>
          <reporter-output>
          </reporter-output>
        </test-method> <!-- SearchUsername -->
        <test-method status="PASS" signature="SearchUsername(java.lang.String, java.lang.String)[pri:0, instance:HRM.SearchUser@82de64a]" name="SearchUsername" duration-ms="5619" started-at="2020-03-05T20:03:42Z" data-provider="getdata" finished-at="2020-03-05T20:03:48Z">
          <params>
            <param index="0">
              <value>
                <![CDATA[steven.edwards]]>
              </value>
            </param>
            <param index="1">
              <value>
                <![CDATA[Steven Edwards]]>
              </value>
            </param>
          </params>
          <reporter-output>
          </reporter-output>
        </test-method> <!-- SearchUsername -->
        <test-method status="PASS" signature="SearchUsername(java.lang.String, java.lang.String)[pri:0, instance:HRM.SearchUser@82de64a]" name="SearchUsername" duration-ms="4685" started-at="2020-03-05T20:03:48Z" data-provider="getdata" finished-at="2020-03-05T20:03:52Z">
          <params>
            <param index="0">
              <value>
                <![CDATA[robert.craig]]>
              </value>
            </param>
            <param index="1">
              <value>
                <![CDATA[Robert Craig]]>
              </value>
            </param>
          </params>
          <reporter-output>
          </reporter-output>
        </test-method> <!-- SearchUsername -->
        <test-method status="PASS" signature="aftertest()[pri:0, instance:HRM.SearchUser@82de64a]" name="aftertest" is-config="true" duration-ms="47" started-at="2020-03-05T20:03:52Z" finished-at="2020-03-05T20:03:52Z">
          <reporter-output>
          </reporter-output>
        </test-method> <!-- aftertest -->
      </class> <!-- HRM.SearchUser -->
    </test> <!-- SearchUser -->
  </suite> <!-- Suite -->
</testng-results>
