<?xml version="1.0" encoding="UTF-8"?>
<testng-results skipped="0" failed="2" ignored="0" total="8" passed="6">
  <reporter-output>
  </reporter-output>
  <suite name="Suite" duration-ms="103209" started-at="2020-03-01T01:19:32 IST" finished-at="2020-03-01T01:21:16 IST">
    <groups>
    </groups>
    <test name="Test" duration-ms="14067" started-at="2020-03-01T01:19:32 IST" finished-at="2020-03-01T01:19:47 IST">
      <class name="HRM.LoginLogout">
        <test-method status="PASS" signature="beforetest()[pri:0, instance:HRM.LoginLogout@9597028]" name="beforetest" is-config="true" duration-ms="6332" started-at="2020-03-01T01:19:32 IST" finished-at="2020-03-01T01:19:39 IST">
          <reporter-output>
          </reporter-output>
        </test-method> <!-- beforetest -->
        <test-method status="PASS" signature="Login(java.lang.String, java.lang.String)[pri:0, instance:HRM.LoginLogout@9597028]" name="Login" duration-ms="4732" started-at="2020-03-01T01:19:39 IST" data-provider="getDate" finished-at="2020-03-01T01:19:44 IST">
          <params>
            <param index="0">
              <value>
                <![CDATA[Adamin]]>
              </value>
            </param>
            <param index="1">
              <value>
                <![CDATA[Adamin]]>
              </value>
            </param>
          </params>
          <reporter-output>
          </reporter-output>
        </test-method> <!-- Login -->
        <test-method status="PASS" signature="Login(java.lang.String, java.lang.String)[pri:0, instance:HRM.LoginLogout@9597028]" name="Login" duration-ms="2800" started-at="2020-03-01T01:19:44 IST" data-provider="getDate" finished-at="2020-03-01T01:19:46 IST">
          <params>
            <param index="0">
              <value>
                <![CDATA[Admin]]>
              </value>
            </param>
            <param index="1">
              <value>
                <![CDATA[admin123]]>
              </value>
            </param>
          </params>
          <reporter-output>
          </reporter-output>
        </test-method> <!-- Login -->
        <test-method status="PASS" signature="aftertest()[pri:0, instance:HRM.LoginLogout@9597028]" name="aftertest" is-config="true" duration-ms="121" started-at="2020-03-01T01:19:46 IST" finished-at="2020-03-01T01:19:47 IST">
          <reporter-output>
          </reporter-output>
        </test-method> <!-- aftertest -->
      </class> <!-- HRM.LoginLogout -->
    </test> <!-- Test -->
    <test name="AddJobtile" duration-ms="45807" started-at="2020-03-01T01:19:47 IST" finished-at="2020-03-01T01:20:32 IST">
      <class name="HRM.AddJobTitle">
        <test-method status="PASS" signature="beforetest()[pri:0, instance:HRM.AddJobTitle@4135c3b]" name="beforetest" is-config="true" duration-ms="3425" started-at="2020-03-01T01:19:47 IST" finished-at="2020-03-01T01:19:50 IST">
          <reporter-output>
          </reporter-output>
        </test-method> <!-- beforetest -->
        <test-method status="FAIL" signature="AddingJobTitle(java.lang.String, java.lang.String)[pri:0, instance:HRM.AddJobTitle@4135c3b]" name="AddingJobTitle" duration-ms="21526" started-at="2020-03-01T01:19:50 IST" data-provider="getdata" finished-at="2020-03-01T01:20:12 IST">
          <params>
            <param index="0">
              <value>
                <![CDATA[Software Tester]]>
              </value>
            </param>
            <param index="1">
              <value>
                <![CDATA[Software Tester]]>
              </value>
            </param>
          </params>
          <exception class="org.openqa.selenium.NoSuchElementException">
            <message>
              <![CDATA[no such element: Unable to locate element: {"method":"link text","selector":"Software Tester"}
  (Session info: chrome=80.0.3987.122)
For documentation on this error, please visit: https://www.seleniumhq.org/exceptions/no_such_element.html
Build info: version: '3.141.59', revision: 'e82be7d358', time: '2018-11-14T08:17:03'
System info: host: 'LT136', ip: '192.168.0.100', os.name: 'Windows 10', os.arch: 'amd64', os.version: '10.0', java.version: '1.8.0_211'
Driver info: org.openqa.selenium.chrome.ChromeDriver
Capabilities {acceptInsecureCerts: false, browserName: chrome, browserVersion: 80.0.3987.122, chrome: {chromedriverVersion: 80.0.3987.106 (f68069574609..., userDataDir: C:\Users\SUSHAN~1.KAD\AppDa...}, goog:chromeOptions: {debuggerAddress: localhost:58737}, javascriptEnabled: true, networkConnectionEnabled: false, pageLoadStrategy: normal, platform: WINDOWS, platformName: WINDOWS, proxy: Proxy(), setWindowRect: true, strictFileInteractability: false, timeouts: {implicit: 0, pageLoad: 300000, script: 30000}, unhandledPromptBehavior: dismiss and notify}
Session ID: a8db89f6e466c41c8e0bde4406fc9cdd
*** Element info: {Using=link text, value=Software Tester}]]>
            </message>
            <full-stacktrace>
              <![CDATA[org.openqa.selenium.NoSuchElementException: no such element: Unable to locate element: {"method":"link text","selector":"Software Tester"}
  (Session info: chrome=80.0.3987.122)
For documentation on this error, please visit: https://www.seleniumhq.org/exceptions/no_such_element.html
Build info: version: '3.141.59', revision: 'e82be7d358', time: '2018-11-14T08:17:03'
System info: host: 'LT136', ip: '192.168.0.100', os.name: 'Windows 10', os.arch: 'amd64', os.version: '10.0', java.version: '1.8.0_211'
Driver info: org.openqa.selenium.chrome.ChromeDriver
Capabilities {acceptInsecureCerts: false, browserName: chrome, browserVersion: 80.0.3987.122, chrome: {chromedriverVersion: 80.0.3987.106 (f68069574609..., userDataDir: C:\Users\SUSHAN~1.KAD\AppDa...}, goog:chromeOptions: {debuggerAddress: localhost:58737}, javascriptEnabled: true, networkConnectionEnabled: false, pageLoadStrategy: normal, platform: WINDOWS, platformName: WINDOWS, proxy: Proxy(), setWindowRect: true, strictFileInteractability: false, timeouts: {implicit: 0, pageLoad: 300000, script: 30000}, unhandledPromptBehavior: dismiss and notify}
Session ID: a8db89f6e466c41c8e0bde4406fc9cdd
*** Element info: {Using=link text, value=Software Tester}
at sun.reflect.NativeConstructorAccessorImpl.newInstance0(Native Method)
at sun.reflect.NativeConstructorAccessorImpl.newInstance(NativeConstructorAccessorImpl.java:62)
at sun.reflect.DelegatingConstructorAccessorImpl.newInstance(DelegatingConstructorAccessorImpl.java:45)
at java.lang.reflect.Constructor.newInstance(Constructor.java:423)
at org.openqa.selenium.remote.http.W3CHttpResponseCodec.createException(W3CHttpResponseCodec.java:187)
at org.openqa.selenium.remote.http.W3CHttpResponseCodec.decode(W3CHttpResponseCodec.java:122)
at org.openqa.selenium.remote.http.W3CHttpResponseCodec.decode(W3CHttpResponseCodec.java:49)
at org.openqa.selenium.remote.HttpCommandExecutor.execute(HttpCommandExecutor.java:158)
at org.openqa.selenium.remote.service.DriverCommandExecutor.execute(DriverCommandExecutor.java:83)
at org.openqa.selenium.remote.RemoteWebDriver.execute(RemoteWebDriver.java:552)
at org.openqa.selenium.remote.RemoteWebDriver.findElement(RemoteWebDriver.java:323)
at org.openqa.selenium.remote.RemoteWebDriver.findElementByLinkText(RemoteWebDriver.java:380)
at org.openqa.selenium.By$ByLinkText.findElement(By.java:220)
at org.openqa.selenium.remote.RemoteWebDriver.findElement(RemoteWebDriver.java:315)
at HRM.AddJobTitle.AddingJobTitle(AddJobTitle.java:59)
at sun.reflect.NativeMethodAccessorImpl.invoke0(Native Method)
at sun.reflect.NativeMethodAccessorImpl.invoke(NativeMethodAccessorImpl.java:62)
at sun.reflect.DelegatingMethodAccessorImpl.invoke(DelegatingMethodAccessorImpl.java:43)
at java.lang.reflect.Method.invoke(Method.java:498)
at org.testng.internal.MethodInvocationHelper.invokeMethod(MethodInvocationHelper.java:133)
at org.testng.internal.TestInvoker.invokeMethod(TestInvoker.java:584)
at org.testng.internal.TestInvoker.invokeTestMethod(TestInvoker.java:172)
at org.testng.internal.MethodRunner.runInSequence(MethodRunner.java:46)
at org.testng.internal.TestInvoker$MethodInvocationAgent.invoke(TestInvoker.java:804)
at org.testng.internal.TestInvoker.invokeTestMethods(TestInvoker.java:145)
at org.testng.internal.TestMethodWorker.invokeTestMethods(TestMethodWorker.java:146)
at org.testng.internal.TestMethodWorker.run(TestMethodWorker.java:128)
at java.util.ArrayList.forEach(ArrayList.java:1257)
at org.testng.TestRunner.privateRun(TestRunner.java:770)
at org.testng.TestRunner.run(TestRunner.java:591)
at org.testng.SuiteRunner.runTest(SuiteRunner.java:402)
at org.testng.SuiteRunner.runSequentially(SuiteRunner.java:396)
at org.testng.SuiteRunner.privateRun(SuiteRunner.java:355)
at org.testng.SuiteRunner.run(SuiteRunner.java:304)
at org.testng.SuiteRunnerWorker.runSuite(SuiteRunnerWorker.java:53)
at org.testng.SuiteRunnerWorker.run(SuiteRunnerWorker.java:96)
at org.testng.TestNG.runSuitesSequentially(TestNG.java:1180)
at org.testng.TestNG.runSuitesLocally(TestNG.java:1102)
at org.testng.TestNG.runSuites(TestNG.java:1032)
at org.testng.TestNG.run(TestNG.java:1000)
at org.testng.remote.AbstractRemoteTestNG.run(AbstractRemoteTestNG.java:115)
at org.testng.remote.RemoteTestNG.initAndRun(RemoteTestNG.java:251)
at org.testng.remote.RemoteTestNG.main(RemoteTestNG.java:77)
]]>
            </full-stacktrace>
          </exception> <!-- org.openqa.selenium.NoSuchElementException -->
          <reporter-output>
          </reporter-output>
        </test-method> <!-- AddingJobTitle -->
        <test-method status="FAIL" signature="AddingJobTitle(java.lang.String, java.lang.String)[pri:0, instance:HRM.AddJobTitle@4135c3b]" name="AddingJobTitle" duration-ms="19767" started-at="2020-03-01T01:20:12 IST" data-provider="getdata" finished-at="2020-03-01T01:20:32 IST">
          <params>
            <param index="0">
              <value>
                <![CDATA[Software Developer]]>
              </value>
            </param>
            <param index="1">
              <value>
                <![CDATA[Software Developer]]>
              </value>
            </param>
          </params>
          <exception class="org.openqa.selenium.NoSuchElementException">
            <message>
              <![CDATA[no such element: Unable to locate element: {"method":"link text","selector":"Software Developer"}
  (Session info: chrome=80.0.3987.122)
For documentation on this error, please visit: https://www.seleniumhq.org/exceptions/no_such_element.html
Build info: version: '3.141.59', revision: 'e82be7d358', time: '2018-11-14T08:17:03'
System info: host: 'LT136', ip: '192.168.0.100', os.name: 'Windows 10', os.arch: 'amd64', os.version: '10.0', java.version: '1.8.0_211'
Driver info: org.openqa.selenium.chrome.ChromeDriver
Capabilities {acceptInsecureCerts: false, browserName: chrome, browserVersion: 80.0.3987.122, chrome: {chromedriverVersion: 80.0.3987.106 (f68069574609..., userDataDir: C:\Users\SUSHAN~1.KAD\AppDa...}, goog:chromeOptions: {debuggerAddress: localhost:58737}, javascriptEnabled: true, networkConnectionEnabled: false, pageLoadStrategy: normal, platform: WINDOWS, platformName: WINDOWS, proxy: Proxy(), setWindowRect: true, strictFileInteractability: false, timeouts: {implicit: 0, pageLoad: 300000, script: 30000}, unhandledPromptBehavior: dismiss and notify}
Session ID: a8db89f6e466c41c8e0bde4406fc9cdd
*** Element info: {Using=link text, value=Software Developer}]]>
            </message>
            <full-stacktrace>
              <![CDATA[org.openqa.selenium.NoSuchElementException: no such element: Unable to locate element: {"method":"link text","selector":"Software Developer"}
  (Session info: chrome=80.0.3987.122)
For documentation on this error, please visit: https://www.seleniumhq.org/exceptions/no_such_element.html
Build info: version: '3.141.59', revision: 'e82be7d358', time: '2018-11-14T08:17:03'
System info: host: 'LT136', ip: '192.168.0.100', os.name: 'Windows 10', os.arch: 'amd64', os.version: '10.0', java.version: '1.8.0_211'
Driver info: org.openqa.selenium.chrome.ChromeDriver
Capabilities {acceptInsecureCerts: false, browserName: chrome, browserVersion: 80.0.3987.122, chrome: {chromedriverVersion: 80.0.3987.106 (f68069574609..., userDataDir: C:\Users\SUSHAN~1.KAD\AppDa...}, goog:chromeOptions: {debuggerAddress: localhost:58737}, javascriptEnabled: true, networkConnectionEnabled: false, pageLoadStrategy: normal, platform: WINDOWS, platformName: WINDOWS, proxy: Proxy(), setWindowRect: true, strictFileInteractability: false, timeouts: {implicit: 0, pageLoad: 300000, script: 30000}, unhandledPromptBehavior: dismiss and notify}
Session ID: a8db89f6e466c41c8e0bde4406fc9cdd
*** Element info: {Using=link text, value=Software Developer}
at sun.reflect.NativeConstructorAccessorImpl.newInstance0(Native Method)
at sun.reflect.NativeConstructorAccessorImpl.newInstance(NativeConstructorAccessorImpl.java:62)
at sun.reflect.DelegatingConstructorAccessorImpl.newInstance(DelegatingConstructorAccessorImpl.java:45)
at java.lang.reflect.Constructor.newInstance(Constructor.java:423)
at org.openqa.selenium.remote.http.W3CHttpResponseCodec.createException(W3CHttpResponseCodec.java:187)
at org.openqa.selenium.remote.http.W3CHttpResponseCodec.decode(W3CHttpResponseCodec.java:122)
at org.openqa.selenium.remote.http.W3CHttpResponseCodec.decode(W3CHttpResponseCodec.java:49)
at org.openqa.selenium.remote.HttpCommandExecutor.execute(HttpCommandExecutor.java:158)
at org.openqa.selenium.remote.service.DriverCommandExecutor.execute(DriverCommandExecutor.java:83)
at org.openqa.selenium.remote.RemoteWebDriver.execute(RemoteWebDriver.java:552)
at org.openqa.selenium.remote.RemoteWebDriver.findElement(RemoteWebDriver.java:323)
at org.openqa.selenium.remote.RemoteWebDriver.findElementByLinkText(RemoteWebDriver.java:380)
at org.openqa.selenium.By$ByLinkText.findElement(By.java:220)
at org.openqa.selenium.remote.RemoteWebDriver.findElement(RemoteWebDriver.java:315)
at HRM.AddJobTitle.AddingJobTitle(AddJobTitle.java:59)
at sun.reflect.NativeMethodAccessorImpl.invoke0(Native Method)
at sun.reflect.NativeMethodAccessorImpl.invoke(NativeMethodAccessorImpl.java:62)
at sun.reflect.DelegatingMethodAccessorImpl.invoke(DelegatingMethodAccessorImpl.java:43)
at java.lang.reflect.Method.invoke(Method.java:498)
at org.testng.internal.MethodInvocationHelper.invokeMethod(MethodInvocationHelper.java:133)
at org.testng.internal.TestInvoker.invokeMethod(TestInvoker.java:584)
at org.testng.internal.TestInvoker.invokeTestMethod(TestInvoker.java:172)
at org.testng.internal.MethodRunner.runInSequence(MethodRunner.java:46)
at org.testng.internal.TestInvoker$MethodInvocationAgent.invoke(TestInvoker.java:804)
at org.testng.internal.TestInvoker.invokeTestMethods(TestInvoker.java:145)
at org.testng.internal.TestMethodWorker.invokeTestMethods(TestMethodWorker.java:146)
at org.testng.internal.TestMethodWorker.run(TestMethodWorker.java:128)
at java.util.ArrayList.forEach(ArrayList.java:1257)
at org.testng.TestRunner.privateRun(TestRunner.java:770)
at org.testng.TestRunner.run(TestRunner.java:591)
at org.testng.SuiteRunner.runTest(SuiteRunner.java:402)
at org.testng.SuiteRunner.runSequentially(SuiteRunner.java:396)
at org.testng.SuiteRunner.privateRun(SuiteRunner.java:355)
at org.testng.SuiteRunner.run(SuiteRunner.java:304)
at org.testng.SuiteRunnerWorker.runSuite(SuiteRunnerWorker.java:53)
at org.testng.SuiteRunnerWorker.run(SuiteRunnerWorker.java:96)
at org.testng.TestNG.runSuitesSequentially(TestNG.java:1180)
at org.testng.TestNG.runSuitesLocally(TestNG.java:1102)
at org.testng.TestNG.runSuites(TestNG.java:1032)
at org.testng.TestNG.run(TestNG.java:1000)
at org.testng.remote.AbstractRemoteTestNG.run(AbstractRemoteTestNG.java:115)
at org.testng.remote.RemoteTestNG.initAndRun(RemoteTestNG.java:251)
at org.testng.remote.RemoteTestNG.main(RemoteTestNG.java:77)
]]>
            </full-stacktrace>
          </exception> <!-- org.openqa.selenium.NoSuchElementException -->
          <reporter-output>
          </reporter-output>
        </test-method> <!-- AddingJobTitle -->
        <test-method status="PASS" signature="aftertest()[pri:0, instance:HRM.AddJobTitle@4135c3b]" name="aftertest" is-config="true" duration-ms="108" started-at="2020-03-01T01:20:32 IST" finished-at="2020-03-01T01:20:32 IST">
          <reporter-output>
          </reporter-output>
        </test-method> <!-- aftertest -->
      </class> <!-- HRM.AddJobTitle -->
    </test> <!-- AddJobtile -->
    <test name="AddUser" duration-ms="18211" started-at="2020-03-01T01:20:33 IST" finished-at="2020-03-01T01:20:51 IST">
      <class name="HRM.AddUser">
        <test-method status="PASS" signature="beforetest()[pri:0, instance:HRM.AddUser@128d2484]" name="beforetest" is-config="true" duration-ms="8223" started-at="2020-03-01T01:20:33 IST" finished-at="2020-03-01T01:20:41 IST">
          <reporter-output>
          </reporter-output>
        </test-method> <!-- beforetest -->
        <test-method status="PASS" signature="creatnewuser()[pri:0, instance:HRM.AddUser@128d2484]" name="creatnewuser" duration-ms="9875" started-at="2020-03-01T01:20:41 IST" finished-at="2020-03-01T01:20:51 IST">
          <reporter-output>
          </reporter-output>
        </test-method> <!-- creatnewuser -->
        <test-method status="PASS" signature="aftertest()[pri:0, instance:HRM.AddUser@128d2484]" name="aftertest" is-config="true" duration-ms="106" started-at="2020-03-01T01:20:51 IST" finished-at="2020-03-01T01:20:51 IST">
          <reporter-output>
          </reporter-output>
        </test-method> <!-- aftertest -->
      </class> <!-- HRM.AddUser -->
    </test> <!-- AddUser -->
    <test name="SearchUser" duration-ms="24853" started-at="2020-03-01T01:20:51 IST" finished-at="2020-03-01T01:21:16 IST">
      <class name="HRM.SearchUser">
        <test-method status="PASS" signature="beforetest()[pri:0, instance:HRM.SearchUser@7b2bbc3]" name="beforetest" is-config="true" duration-ms="3444" started-at="2020-03-01T01:20:51 IST" finished-at="2020-03-01T01:20:54 IST">
          <reporter-output>
          </reporter-output>
        </test-method> <!-- beforetest -->
        <test-method status="PASS" signature="SearchUsername(java.lang.String, java.lang.String)[pri:0, instance:HRM.SearchUser@7b2bbc3]" name="SearchUsername" duration-ms="10277" started-at="2020-03-01T01:20:54 IST" data-provider="getdata" finished-at="2020-03-01T01:21:05 IST">
          <params>
            <param index="0">
              <value>
                <![CDATA[john.smith]]>
              </value>
            </param>
            <param index="1">
              <value>
                <![CDATA[John Smith]]>
              </value>
            </param>
          </params>
          <reporter-output>
          </reporter-output>
        </test-method> <!-- SearchUsername -->
        <test-method status="PASS" signature="SearchUsername(java.lang.String, java.lang.String)[pri:0, instance:HRM.SearchUser@7b2bbc3]" name="SearchUsername" duration-ms="5163" started-at="2020-03-01T01:21:05 IST" data-provider="getdata" finished-at="2020-03-01T01:21:10 IST">
          <params>
            <param index="0">
              <value>
                <![CDATA[steven.edwards]]>
              </value>
            </param>
            <param index="1">
              <value>
                <![CDATA[Steven Edwards]]>
              </value>
            </param>
          </params>
          <reporter-output>
          </reporter-output>
        </test-method> <!-- SearchUsername -->
        <test-method status="PASS" signature="SearchUsername(java.lang.String, java.lang.String)[pri:0, instance:HRM.SearchUser@7b2bbc3]" name="SearchUsername" duration-ms="5829" started-at="2020-03-01T01:21:10 IST" data-provider="getdata" finished-at="2020-03-01T01:21:16 IST">
          <params>
            <param index="0">
              <value>
                <![CDATA[robert.craig]]>
              </value>
            </param>
            <param index="1">
              <value>
                <![CDATA[Robert Craig]]>
              </value>
            </param>
          </params>
          <reporter-output>
          </reporter-output>
        </test-method> <!-- SearchUsername -->
        <test-method status="PASS" signature="aftertest()[pri:0, instance:HRM.SearchUser@7b2bbc3]" name="aftertest" is-config="true" duration-ms="131" started-at="2020-03-01T01:21:16 IST" finished-at="2020-03-01T01:21:16 IST">
          <reporter-output>
          </reporter-output>
        </test-method> <!-- aftertest -->
      </class> <!-- HRM.SearchUser -->
    </test> <!-- SearchUser -->
  </suite> <!-- Suite -->
</testng-results>
